<?xml version="1.0" encoding="UTF-8"?>
<testsuite xmlns:xsi="http://www.w3.org/2001/XMLSchema-instance" xsi:noNamespaceSchemaLocation="https://maven.apache.org/surefire/maven-surefire-plugin/xsd/surefire-test-report.xsd" name="runner.CukesRunner" time="9.706" tests="5" errors="0" skipped="0" failures="2">
  <properties>
[...]
</properties>
  <testcase name="As a user I would like to see all characters in Breaking Bad" classname="Characters of Breaking Bad" time="4.48"/>
  <testcase name="As a DEA staff I want to make sure Walter White is Heisenberg" classname="Characters of Breaking Bad" time="1.189"/>
  <testcase name="As a user I shouldn&apos;t send a request to invalid endpoint" classname="Characters of Breaking Bad" time="1.487">
    <failure message="expected:&lt;400&gt; but was:&lt;200&gt;" type="java.lang.AssertionError"><![CDATA[java.lang.AssertionError: expected:<400> but was:<200>
]]></failure>
    <system-out><![CDATA[[@feature]
As a user I shouldn't send a request to invalid endpoint
BEFORE
Request method:	GET
Request URI:	https://breakingbadapi.com/api/invalidEndPoint
Proxy:			<none>
Request params:	<none>
Query params:	<none>
Form params:	<none>
Path params:	<none>
Headers:		Accept=*/*
				Content-Type=application/json; charset=UTF-8
Cookies:		<none>
Multiparts:		<none>
Body:			<none>
HTTP/1.1 200 OK
Server: nginx/1.10.3 (Ubuntu)
Date: Thu, 29 Apr 2021 19:09:04 GMT
Content-Type: text/html; charset=UTF-8
Transfer-Encoding: chunked
Connection: keep-alive
X-Powered-By: Express
Access-Control-Allow-Origin: *
X-RateLimit-Limit: 10000
X-RateLimit-Remaining: 9943
X-RateLimit-Reset: 1619723854
Accept-Ranges: bytes
Cache-Control: public, max-age=0
Last-Modified: Fri, 26 Mar 2021 16:47:13 GMT
ETag: W/"921-1786f6ec47e"
Vary: Accept-Encoding
Content-Encoding: gzip

<html lang="en">
  <head>
    <meta charset="utf-8"/>
    <link rel="shortcut icon" href="/favicon.ico"/>
    <meta name="viewport" content="width=device-width,initial-scale=1,shrink-to-fit=no"/>
    <meta name="theme-color" content="#000000"/>
    <link rel="manifest" href="/manifest.json"/>
    <title>The Breaking Bad API</title>
    <meta name="Description" content="If you're looking for the greatest API for the best tv show, look no further. Here is the one and only, Breaking Bad API documentation"/>
    <meta name="google-site-verification" content="dZ5jz5BFOr9lo-hgKTgT77DavxzbF7L_RBGftqTLBRA"/>
    <link href="/static/css/main.887a180a.chunk.css" rel="stylesheet"/>
  </head>
  <body>
    <noscript>You need to enable JavaScript to run this app.</noscript>
    <div id="root"/>
    <script>!function(l){function e(e){for(var r,t,n=e[0],o=e[1],u=e[2],f=0,i=[];f&lt;n.length;f++)t=n[f],p[t]&amp;&amp;i.push(p[t][0]),p[t]=0;for(r in o)Object.prototype.hasOwnProperty.call(o,r)&amp;&amp;(l[r]=o[r]);for(s&amp;&amp;s(e);i.length;)i.shift()();return c.push.apply(c,u||[]),a()}function a(){for(var e,r=0;r&lt;c.length;r++){for(var t=c[r],n=!0,o=1;o&lt;t.length;o++){var u=t[o];0!==p[u]&amp;&amp;(n=!1)}n&amp;&amp;(c.splice(r--,1),e=f(f.s=t[0]))}return e}var t={},p={2:0},c=[];function f(e){if(t[e])return t[e].exports;var r=t[e]={i:e,l:!1,exports:{}};return l[e].call(r.exports,r,r.exports,f),r.l=!0,r.exports}f.m=l,f.c=t,f.d=function(e,r,t){f.o(e,r)||Object.defineProperty(e,r,{enumerable:!0,get:t})},f.r=function(e){"undefined"!=typeof Symbol&amp;&amp;Symbol.toStringTag&amp;&amp;Object.defineProperty(e,Symbol.toStringTag,{value:"Module"}),Object.defineProperty(e,"__esModule",{value:!0})},f.t=function(r,e){if(1&amp;e&amp;&amp;(r=f(r)),8&amp;e)return r;if(4&amp;e&amp;&amp;"object"==typeof r&amp;&amp;r&amp;&amp;r.__esModule)return r;var t=Object.create(null);if(f.r(t),Object.defineProperty(t,"default",{enumerable:!0,value:r}),2&amp;e&amp;&amp;"string"!=typeof r)for(var n in r)f.d(t,n,function(e){return r[e]}.bind(null,n));return t},f.n=function(e){var r=e&amp;&amp;e.__esModule?function(){return e.default}:function(){return e};return f.d(r,"a",r),r},f.o=function(e,r){return Object.prototype.hasOwnProperty.call(e,r)},f.p="/";var r=window.webpackJsonp=window.webpackJsonp||[],n=r.push.bind(r);r.push=e,r=r.slice();for(var o=0;o&lt;r.length;o++)e(r[o]);var s=n;a()}([])</script>
    <script src="/static/js/1.09181c5c.chunk.js"/>
    <script src="/static/js/main.f4f93aaf.chunk.js"/>
  </body>
</html>
AFTER
]]></system-out>
  </testcase>
  <testcase name="As a user I want to see how many episodes are there in each season" classname="Episodes for all seasons" time="1.106"/>
  <testcase name="As a user I shouldn&apos;t send a request to invalid endpoint" classname="Episodes for all seasons" time="0.933">
    <failure message="expected:&lt;400&gt; but was:&lt;200&gt;" type="java.lang.AssertionError"><![CDATA[java.lang.AssertionError: expected:<400> but was:<200>
]]></failure>
    <system-out><![CDATA[[@episode]
As a user I shouldn't send a request to invalid endpoint
BEFORE
Request method:	GET
Request URI:	https://breakingbadapi.com/api/invalidEndPoint
Proxy:			<none>
Request params:	<none>
Query params:	<none>
Form params:	<none>
Path params:	<none>
Headers:		Accept=*/*
				Content-Type=application/json; charset=UTF-8
Cookies:		<none>
Multiparts:		<none>
Body:			<none>
HTTP/1.1 200 OK
Server: nginx/1.10.3 (Ubuntu)
Date: Thu, 29 Apr 2021 19:09:06 GMT
Content-Type: text/html; charset=UTF-8
Transfer-Encoding: chunked
Connection: keep-alive
X-Powered-By: Express
Access-Control-Allow-Origin: *
X-RateLimit-Limit: 10000
X-RateLimit-Remaining: 9941
X-RateLimit-Reset: 1619723854
Accept-Ranges: bytes
Cache-Control: public, max-age=0
Last-Modified: Fri, 26 Mar 2021 16:47:13 GMT
ETag: W/"921-1786f6ec47e"
Vary: Accept-Encoding
Content-Encoding: gzip

<html lang="en">
  <head>
    <meta charset="utf-8"/>
    <link rel="shortcut icon" href="/favicon.ico"/>
    <meta name="viewport" content="width=device-width,initial-scale=1,shrink-to-fit=no"/>
    <meta name="theme-color" content="#000000"/>
    <link rel="manifest" href="/manifest.json"/>
    <title>The Breaking Bad API</title>
    <meta name="Description" content="If you're looking for the greatest API for the best tv show, look no further. Here is the one and only, Breaking Bad API documentation"/>
    <meta name="google-site-verification" content="dZ5jz5BFOr9lo-hgKTgT77DavxzbF7L_RBGftqTLBRA"/>
    <link href="/static/css/main.887a180a.chunk.css" rel="stylesheet"/>
  </head>
  <body>
    <noscript>You need to enable JavaScript to run this app.</noscript>
    <div id="root"/>
    <script>!function(l){function e(e){for(var r,t,n=e[0],o=e[1],u=e[2],f=0,i=[];f&lt;n.length;f++)t=n[f],p[t]&amp;&amp;i.push(p[t][0]),p[t]=0;for(r in o)Object.prototype.hasOwnProperty.call(o,r)&amp;&amp;(l[r]=o[r]);for(s&amp;&amp;s(e);i.length;)i.shift()();return c.push.apply(c,u||[]),a()}function a(){for(var e,r=0;r&lt;c.length;r++){for(var t=c[r],n=!0,o=1;o&lt;t.length;o++){var u=t[o];0!==p[u]&amp;&amp;(n=!1)}n&amp;&amp;(c.splice(r--,1),e=f(f.s=t[0]))}return e}var t={},p={2:0},c=[];function f(e){if(t[e])return t[e].exports;var r=t[e]={i:e,l:!1,exports:{}};return l[e].call(r.exports,r,r.exports,f),r.l=!0,r.exports}f.m=l,f.c=t,f.d=function(e,r,t){f.o(e,r)||Object.defineProperty(e,r,{enumerable:!0,get:t})},f.r=function(e){"undefined"!=typeof Symbol&amp;&amp;Symbol.toStringTag&amp;&amp;Object.defineProperty(e,Symbol.toStringTag,{value:"Module"}),Object.defineProperty(e,"__esModule",{value:!0})},f.t=function(r,e){if(1&amp;e&amp;&amp;(r=f(r)),8&amp;e)return r;if(4&amp;e&amp;&amp;"object"==typeof r&amp;&amp;r&amp;&amp;r.__esModule)return r;var t=Object.create(null);if(f.r(t),Object.defineProperty(t,"default",{enumerable:!0,value:r}),2&amp;e&amp;&amp;"string"!=typeof r)for(var n in r)f.d(t,n,function(e){return r[e]}.bind(null,n));return t},f.n=function(e){var r=e&amp;&amp;e.__esModule?function(){return e.default}:function(){return e};return f.d(r,"a",r),r},f.o=function(e,r){return Object.prototype.hasOwnProperty.call(e,r)},f.p="/";var r=window.webpackJsonp=window.webpackJsonp||[],n=r.push.bind(r);r.push=e,r=r.slice();for(var o=0;o&lt;r.length;o++)e(r[o]);var s=n;a()}([])</script>
    <script src="/static/js/1.09181c5c.chunk.js"/>
    <script src="/static/js/main.f4f93aaf.chunk.js"/>
  </body>
</html>
AFTER
]]></system-out>
  </testcase>
</testsuite>